2023-03-30 14:42:51,112 INFO o.a.j.u.JMeterUtils: Setting Locale to en_EN
2023-03-30 14:42:51,180 INFO o.a.j.JMeter: Loading user properties from: C:\Users\Brigosha_Guest\Documents\apache-jmeter-5.5\apache-jmeter-5.5\bin\user.properties
2023-03-30 14:42:51,183 INFO o.a.j.JMeter: Loading system properties from: C:\Users\Brigosha_Guest\Documents\apache-jmeter-5.5\apache-jmeter-5.5\bin\system.properties
2023-03-30 14:42:51,197 INFO o.a.j.JMeter: Copyright (c) 1998-2022 The Apache Software Foundation
2023-03-30 14:42:51,197 INFO o.a.j.JMeter: Version 5.5
2023-03-30 14:42:51,197 INFO o.a.j.JMeter: java.version=11.0.15
2023-03-30 14:42:51,197 INFO o.a.j.JMeter: java.vm.name=Java HotSpot(TM) 64-Bit Server VM
2023-03-30 14:42:51,197 INFO o.a.j.JMeter: os.name=Windows 10
2023-03-30 14:42:51,198 INFO o.a.j.JMeter: os.arch=amd64
2023-03-30 14:42:51,198 INFO o.a.j.JMeter: os.version=10.0
2023-03-30 14:42:51,198 INFO o.a.j.JMeter: file.encoding=Cp1252
2023-03-30 14:42:51,198 INFO o.a.j.JMeter: java.awt.headless=true
2023-03-30 14:42:51,198 INFO o.a.j.JMeter: Max memory     =1073741824
2023-03-30 14:42:51,198 INFO o.a.j.JMeter: Available Processors =4
2023-03-30 14:42:51,217 INFO o.a.j.JMeter: Default Locale=English (EN)
2023-03-30 14:42:51,217 INFO o.a.j.JMeter: JMeter  Locale=English (EN)
2023-03-30 14:42:51,218 INFO o.a.j.JMeter: JMeterHome=C:\Users\Brigosha_Guest\Documents\apache-jmeter-5.5\apache-jmeter-5.5
2023-03-30 14:42:51,219 INFO o.a.j.JMeter: user.dir  =C:\Users\Brigosha_Guest\Desktop\Jmeter_jmx
2023-03-30 14:42:51,219 INFO o.a.j.JMeter: PWD       =C:\Users\Brigosha_Guest\Desktop\Jmeter_jmx
2023-03-30 14:42:55,728 INFO o.a.j.JMeter: IP: 192.168.56.1 Name: DESKTOP-A6LNTTJ FullName: DESKTOP-A6LNTTJ
2023-03-30 14:42:55,821 INFO o.a.j.s.FileServer: Default base='C:\Users\Brigosha_Guest\Desktop\Jmeter_jmx'
2023-03-30 14:42:55,823 INFO o.a.j.s.FileServer: Set new base='C:\Users\Brigosha_Guest\Desktop\Jmeter_jmx'
2023-03-30 14:42:56,226 INFO o.a.j.s.SaveService: Testplan (JMX) version: 2.2. Testlog (JTL) version: 2.2
2023-03-30 14:42:56,268 INFO o.a.j.s.SaveService: Using SaveService properties version 5.0
2023-03-30 14:42:56,273 INFO o.a.j.s.SaveService: Using SaveService properties file encoding UTF-8
2023-03-30 14:42:56,279 INFO o.a.j.s.SaveService: Loading file: Aulas.jmx
2023-03-30 14:42:56,755 INFO o.a.j.e.KeyToolUtils: keytool found at 'keytool'
2023-03-30 14:42:56,757 INFO o.a.j.p.h.p.ProxyControl: HTTP(S) Test Script Recorder SSL Proxy will use keys that support embedded 3rd party resources in file C:\Users\Brigosha_Guest\Documents\apache-jmeter-5.5\apache-jmeter-5.5\bin\proxyserver.jks
2023-03-30 14:42:56,787 INFO o.a.j.p.h.s.HTTPSamplerBase: Parser for text/html is org.apache.jmeter.protocol.http.parser.LagartoBasedHtmlParser
2023-03-30 14:42:56,787 INFO o.a.j.p.h.s.HTTPSamplerBase: Parser for application/xhtml+xml is org.apache.jmeter.protocol.http.parser.LagartoBasedHtmlParser
2023-03-30 14:42:56,787 INFO o.a.j.p.h.s.HTTPSamplerBase: Parser for application/xml is org.apache.jmeter.protocol.http.parser.LagartoBasedHtmlParser
2023-03-30 14:42:56,787 INFO o.a.j.p.h.s.HTTPSamplerBase: Parser for text/xml is org.apache.jmeter.protocol.http.parser.LagartoBasedHtmlParser
2023-03-30 14:42:56,787 INFO o.a.j.p.h.s.HTTPSamplerBase: Parser for text/vnd.wap.wml is org.apache.jmeter.protocol.http.parser.RegexpHTMLParser
2023-03-30 14:42:56,787 INFO o.a.j.p.h.s.HTTPSamplerBase: Parser for text/css is org.apache.jmeter.protocol.http.parser.CssParser
2023-03-30 14:42:59,175 INFO o.a.j.JMeter: Creating summariser <summary>
2023-03-30 14:42:59,230 INFO o.a.j.e.StandardJMeterEngine: Running the test!
2023-03-30 14:42:59,239 INFO o.a.j.s.SampleEvent: List of sample_variables: []
2023-03-30 14:42:59,240 INFO o.a.j.s.SampleEvent: List of sample_variables: []
2023-03-30 14:42:59,257 INFO o.a.j.e.u.CompoundVariable: Note: Function class names must contain the string: '.functions.'
2023-03-30 14:42:59,257 INFO o.a.j.e.u.CompoundVariable: Note: Function class names must not contain the string: '.gui.'
2023-03-30 14:43:00,692 INFO o.a.j.JMeter: Running test (1680167580691)
2023-03-30 14:43:00,729 INFO o.a.j.e.StandardJMeterEngine: Starting ThreadGroup: 1 : Notifications Stepping Thread Group
2023-03-30 14:43:00,730 INFO o.a.j.e.StandardJMeterEngine: Starting 1 threads for group Notifications Stepping Thread Group.
2023-03-30 14:43:00,730 INFO o.a.j.e.StandardJMeterEngine: Thread will continue on error
2023-03-30 14:43:00,731 INFO k.a.j.t.AbstractSimpleThreadGroup: Starting thread group number 1 threads 1
2023-03-30 14:43:00,770 INFO k.a.j.t.AbstractSimpleThreadGroup: Started thread group number 1
2023-03-30 14:43:00,770 INFO o.a.j.e.StandardJMeterEngine: Starting ThreadGroup: 2 : Thread Group
2023-03-30 14:43:00,770 INFO o.a.j.e.StandardJMeterEngine: Starting 1 threads for group Thread Group.
2023-03-30 14:43:00,770 INFO o.a.j.e.StandardJMeterEngine: Thread will continue on error
2023-03-30 14:43:00,770 INFO o.a.j.t.ThreadGroup: Starting thread group... number=2 threads=1 ramp-up=1 delayedStart=false
2023-03-30 14:43:00,772 INFO o.a.j.t.ThreadGroup: Started thread group number 2
2023-03-30 14:43:00,773 INFO o.a.j.e.StandardJMeterEngine: All thread groups have been started
2023-03-30 14:43:00,780 INFO o.a.j.t.JMeterThread: Thread started: Thread Group 2-1
2023-03-30 14:43:00,781 INFO o.a.j.s.SampleResult: Note: Sample TimeStamps are START times
2023-03-30 14:43:00,782 INFO o.a.j.s.SampleResult: sampleresult.default.encoding is set to ISO-8859-1
2023-03-30 14:43:00,783 INFO o.a.j.s.SampleResult: sampleresult.useNanoTime=true
2023-03-30 14:43:00,783 INFO o.a.j.s.SampleResult: sampleresult.nanoThreadSleep=5000
2023-03-30 14:43:03,821 INFO o.a.j.p.h.s.HTTPHCAbstractImpl: Local host = DESKTOP-A6LNTTJ
2023-03-30 14:43:03,835 INFO o.a.j.p.h.s.HTTPHC4Impl: HTTP request retry count = 0
2023-03-30 14:43:04,017 INFO o.a.j.p.h.s.h.LazyLayeredConnectionSocketFactory: Setting up HTTPS TrustAll Socket Factory
2023-03-30 14:43:04,028 INFO o.a.j.u.JsseSSLManager: Using default SSL protocol: TLS
2023-03-30 14:43:04,028 INFO o.a.j.u.JsseSSLManager: SSL session context: per-thread
2023-03-30 14:43:04,187 INFO o.a.j.u.SSLManager: JmeterKeyStore Location:  type JKS
2023-03-30 14:43:04,193 INFO o.a.j.u.SSLManager: KeyStore created OK
2023-03-30 14:43:04,194 WARN o.a.j.u.SSLManager: Keystore file not found, loading empty keystore
2023-03-30 14:43:05,690 INFO o.a.j.r.Summariser: summary +      1 in 00:00:05 =    0.2/s Avg:  1665 Min:  1665 Max:  1665 Err:     0 (0.00%) Active: 1 Started: 1 Finished: 0
2023-03-30 14:43:05,732 INFO o.a.j.t.JMeterThread: Thread started: Notifications Stepping Thread Group 1-1
2023-03-30 14:43:05,771 INFO o.a.j.t.JMeterThread: Thread is done: Thread Group 2-1
2023-03-30 14:43:05,772 INFO o.a.j.t.JMeterThread: Thread finished: Thread Group 2-1
2023-03-30 14:43:12,920 INFO o.a.j.t.JMeterThread: Stopping because end time detected by thread: Notifications Stepping Thread Group 1-1
2023-03-30 14:43:12,921 INFO o.a.j.t.JMeterThread: Thread finished: Notifications Stepping Thread Group 1-1
2023-03-30 14:43:12,923 INFO o.a.j.e.StandardJMeterEngine: Notifying test listeners of end of test
2023-03-30 14:43:12,926 INFO o.a.j.r.Summariser: summary +      4 in 00:00:07 =    0.6/s Avg:   559 Min:    78 Max:  1202 Err:     0 (0.00%) Active: 0 Started: 2 Finished: 2
2023-03-30 14:43:12,930 INFO o.a.j.r.Summariser: summary =      5 in 00:00:12 =    0.4/s Avg:   780 Min:    78 Max:  1665 Err:     0 (0.00%)
